<?xml version="1.0" encoding="UTF-8"?>
<!-- Generated by org.testng.reporters.JUnitReportReporter -->
<testsuite skipped="0" hostname="TATRC-17323" name="testCases.CreateNewActivity" tests="1" failures="0" timestamp="22 Oct 2019 22:36:58 GMT" time="32.884" errors="0">
  <testcase name="addNewActivitiesForWeek" time="32.884" classname="testCases.CreateNewActivity"/>
</testsuite> <!-- testCases.CreateNewActivity -->
