<?xml version="1.0" encoding="UTF-8"?>
<!-- Generated by org.testng.reporters.JUnitReportReporter -->
<testsuite skipped="0" hostname="TATRC-17323" name="testCases.MailSetup" tests="1" failures="0" timestamp="15 Nov 2019 17:38:22 GMT" time="3.402" errors="0">
  <testcase name="mailSetup" time="3.402" classname="testCases.MailSetup"/>
</testsuite> <!-- testCases.MailSetup -->
