<?xml version="1.0" encoding="UTF-8"?>
<!-- Generated by org.testng.reporters.JUnitReportReporter -->
<testsuite skipped="0" hostname="TATRC-17323" name="pageFactories.unitTests.GetSystemInfoAPITest" tests="1" failures="0" timestamp="30 May 2018 20:44:19 GMT" time="1.536" errors="0">
  <testcase name="execute" time="1.536" classname="pageFactories.unitTests.GetSystemInfoAPITest"/>
</testsuite> <!-- pageFactories.unitTests.GetSystemInfoAPITest -->
