<?xml version="1.0" encoding="UTF-8"?>
<!-- Generated by org.testng.reporters.JUnitReportReporter -->
<testsuite skipped="0" hostname="TATRC-17323" name="testCases.AddCalorieIntake" tests="2" failures="0" timestamp="22 Oct 2019 22:36:58 GMT" time="171.994" errors="0">
  <testcase name="addCalorieIntakeForWeek" time="157.912" classname="testCases.AddCalorieIntake"/>
  <testcase name="validateLast7NutritionalItems" time="14.082" classname="testCases.AddCalorieIntake"/>
</testsuite> <!-- testCases.AddCalorieIntake -->
