<?xml version="1.0" encoding="UTF-8"?>
<!-- Generated by org.testng.reporters.JUnitReportReporter -->
<testsuite skipped="0" hostname="TATRC-17323" name="testCases.ReadAllNotifications" tests="9" failures="0" timestamp="22 Oct 2019 22:36:58 GMT" time="195.267" errors="0">
  <testcase name="readNumberOfNotifications" time="26.366" classname="testCases.ReadAllNotifications"/>
  <testcase name="readNumberOfNotifications" time="21.435" classname="testCases.ReadAllNotifications"/>
  <testcase name="readNumberOfNotifications" time="23.111" classname="testCases.ReadAllNotifications"/>
  <testcase name="readNumberOfNotifications" time="23.512" classname="testCases.ReadAllNotifications"/>
  <testcase name="readNumberOfNotifications" time="20.166" classname="testCases.ReadAllNotifications"/>
  <testcase name="readNumberOfNotifications" time="20.527" classname="testCases.ReadAllNotifications"/>
  <testcase name="readNumberOfNotifications" time="18.256" classname="testCases.ReadAllNotifications"/>
  <testcase name="readNumberOfNotifications" time="18.919" classname="testCases.ReadAllNotifications"/>
  <testcase name="readNumberOfNotifications" time="22.975" classname="testCases.ReadAllNotifications"/>
</testsuite> <!-- testCases.ReadAllNotifications -->
