<?xml version="1.0" encoding="UTF-8"?>
<!-- Generated by org.testng.reporters.JUnitReportReporter -->
<testsuite skipped="0" hostname="TATRC-17323" name="testCases.AddWaterIntakeSingleUser" tests="1" failures="0" timestamp="22 Oct 2019 22:36:58 GMT" time="150.758" errors="0">
  <testcase name="addWaterIntakeForSingleUser" time="150.758" classname="testCases.AddWaterIntakeSingleUser"/>
</testsuite> <!-- testCases.AddWaterIntakeSingleUser -->
