<?xml version="1.0" encoding="UTF-8"?>
<!-- Generated by org.testng.reporters.JUnitReportReporter -->
<testsuite skipped="0" hostname="TATRC-17323" name="testCases.ExerciseAllMenusTeamMember" tests="4" failures="1" timestamp="22 Oct 2019 22:36:58 GMT" time="42.143" errors="0">
  <testcase name="login" time="13.379" classname="testCases.ExerciseAllMenusTeamMember"/>
  <testcase name="exerciseMyMenuTeamMember" time="12.754" classname="testCases.ExerciseAllMenusTeamMember">
    <failure type="java.lang.AssertionError" message="Menu Item List Count:  expected [13] but found [14]">
      <![CDATA[java.lang.AssertionError: Menu Item List Count:  expected [13] but found [14]
	at org.testng.Assert.fail(Assert.java:93)
	at org.testng.Assert.failNotEquals(Assert.java:512)
	at org.testng.Assert.assertEqualsImpl(Assert.java:134)
	at org.testng.Assert.assertEquals(Assert.java:115)
	at org.testng.Assert.assertEquals(Assert.java:388)
	at testCases.ExerciseAllMenusTeamMember.exerciseMyMenuTeamMember(ExerciseAllMenusTeamMember.java:143)
	at sun.reflect.NativeMethodAccessorImpl.invoke0(Native Method)
	at sun.reflect.NativeMethodAccessorImpl.invoke(Unknown Source)
	at sun.reflect.DelegatingMethodAccessorImpl.invoke(Unknown Source)
	at java.lang.reflect.Method.invoke(Unknown Source)
	at org.testng.internal.MethodInvocationHelper.invokeMethod(MethodInvocationHelper.java:108)
	at org.testng.internal.Invoker.invokeMethod(Invoker.java:661)
	at org.testng.internal.Invoker.invokeTestMethod(Invoker.java:869)
	at org.testng.internal.Invoker.invokeTestMethods(Invoker.java:1193)
	at org.testng.internal.TestMethodWorker.invokeTestMethods(TestMethodWorker.java:126)
	at org.testng.internal.TestMethodWorker.run(TestMethodWorker.java:109)
	at java.util.concurrent.ThreadPoolExecutor.runWorker(Unknown Source)
	at java.util.concurrent.ThreadPoolExecutor$Worker.run(Unknown Source)
	at java.lang.Thread.run(Unknown Source)
]]>
    </failure>
  </testcase> <!-- exerciseMyMenuTeamMember -->
  <testcase name="exerciseReportsTeamMember" time="5.805" classname="testCases.ExerciseAllMenusTeamMember"/>
  <testcase name="exerciseHelloUser" time="10.205" classname="testCases.ExerciseAllMenusTeamMember"/>
</testsuite> <!-- testCases.ExerciseAllMenusTeamMember -->
