<?xml version="1.0" encoding="UTF-8"?>
<!-- Generated by org.testng.reporters.JUnitReportReporter -->
<testsuite skipped="0" hostname="TATRC-17323" name="testCases.ExerciseAllMenusAdmin" tests="5" failures="1" timestamp="22 Oct 2019 22:36:58 GMT" time="164.089" errors="0">
  <testcase name="login" time="25.337" classname="testCases.ExerciseAllMenusAdmin"/>
  <testcase name="exerciseMyMenuAdmin" time="20.913" classname="testCases.ExerciseAllMenusAdmin">
    <failure type="java.lang.AssertionError" message="Menu Item List Count:  expected [12] but found [13]">
      <![CDATA[java.lang.AssertionError: Menu Item List Count:  expected [12] but found [13]
	at org.testng.Assert.fail(Assert.java:93)
	at org.testng.Assert.failNotEquals(Assert.java:512)
	at org.testng.Assert.assertEqualsImpl(Assert.java:134)
	at org.testng.Assert.assertEquals(Assert.java:115)
	at org.testng.Assert.assertEquals(Assert.java:388)
	at testCases.ExerciseAllMenusAdmin.exerciseMyMenuAdmin(ExerciseAllMenusAdmin.java:141)
	at sun.reflect.NativeMethodAccessorImpl.invoke0(Native Method)
	at sun.reflect.NativeMethodAccessorImpl.invoke(Unknown Source)
	at sun.reflect.DelegatingMethodAccessorImpl.invoke(Unknown Source)
	at java.lang.reflect.Method.invoke(Unknown Source)
	at org.testng.internal.MethodInvocationHelper.invokeMethod(MethodInvocationHelper.java:108)
	at org.testng.internal.Invoker.invokeMethod(Invoker.java:661)
	at org.testng.internal.Invoker.invokeTestMethod(Invoker.java:869)
	at org.testng.internal.Invoker.invokeTestMethods(Invoker.java:1193)
	at org.testng.internal.TestMethodWorker.invokeTestMethods(TestMethodWorker.java:126)
	at org.testng.internal.TestMethodWorker.run(TestMethodWorker.java:109)
	at java.util.concurrent.ThreadPoolExecutor.runWorker(Unknown Source)
	at java.util.concurrent.ThreadPoolExecutor$Worker.run(Unknown Source)
	at java.lang.Thread.run(Unknown Source)
]]>
    </failure>
  </testcase> <!-- exerciseMyMenuAdmin -->
  <testcase name="exerciseReportsAdmin" time="23.066" classname="testCases.ExerciseAllMenusAdmin"/>
  <testcase name="exerciseAdmin" time="83.960" classname="testCases.ExerciseAllMenusAdmin"/>
  <testcase name="exerciseHelloUser" time="10.813" classname="testCases.ExerciseAllMenusAdmin"/>
</testsuite> <!-- testCases.ExerciseAllMenusAdmin -->
