<?xml version="1.0" encoding="UTF-8"?>
<!-- Generated by org.testng.reporters.JUnitReportReporter -->
<testsuite skipped="0" hostname="TATRC-17323" name="testCases.AddCalorieIntakeForTeam" tests="9" failures="0" timestamp="22 Oct 2019 22:36:58 GMT" time="1971.353" errors="0">
  <testcase name="addCalorieIntakeForTeam" time="222.828" classname="testCases.AddCalorieIntakeForTeam"/>
  <testcase name="addCalorieIntakeForTeam" time="175.206" classname="testCases.AddCalorieIntakeForTeam"/>
  <testcase name="addCalorieIntakeForTeam" time="205.811" classname="testCases.AddCalorieIntakeForTeam"/>
  <testcase name="addCalorieIntakeForTeam" time="239.066" classname="testCases.AddCalorieIntakeForTeam"/>
  <testcase name="addCalorieIntakeForTeam" time="233.978" classname="testCases.AddCalorieIntakeForTeam"/>
  <testcase name="addCalorieIntakeForTeam" time="246.220" classname="testCases.AddCalorieIntakeForTeam"/>
  <testcase name="addCalorieIntakeForTeam" time="178.364" classname="testCases.AddCalorieIntakeForTeam"/>
  <testcase name="addCalorieIntakeForTeam" time="237.057" classname="testCases.AddCalorieIntakeForTeam"/>
  <testcase name="addCalorieIntakeForTeam" time="232.823" classname="testCases.AddCalorieIntakeForTeam"/>
</testsuite> <!-- testCases.AddCalorieIntakeForTeam -->
