<?xml version="1.0" encoding="UTF-8"?>
<!-- Generated by org.testng.reporters.JUnitReportReporter -->
<testsuite skipped="0" hostname="TATRC-17323" name="testCases.BroadcastMessage" tests="4" failures="0" timestamp="22 Oct 2019 22:36:58 GMT" time="102.605" errors="0">
  <testcase name="createNewBroadcastMessage" time="25.700" classname="testCases.BroadcastMessage"/>
  <testcase name="validateBroadcastMessage" time="22.638" classname="testCases.BroadcastMessage"/>
  <testcase name="validateBroadcastMessage" time="27.102" classname="testCases.BroadcastMessage"/>
  <testcase name="validateBroadcastMessage" time="27.165" classname="testCases.BroadcastMessage"/>
</testsuite> <!-- testCases.BroadcastMessage -->
